<?xml version="1.0" encoding="UTF-8"?>
<!-- Generated by org.testng.reporters.JUnitReportReporter -->
<testsuite skipped="0" hostname="NODLTP52089263" name="testcases.LoginTestCase" tests="1" failures="0" timestamp="14 Sep 2020 09:31:53 GMT" time="12.764" errors="0">
  <testcase name="wordpress" time="12.764" classname="testcases.LoginTestCase"/>
</testsuite> <!-- testcases.LoginTestCase -->
