<?xml version="1.0" encoding="UTF-8"?>
<!-- Generated by org.testng.reporters.JUnitReportReporter -->
<testsuite skipped="0" hostname="NODLTP52089263" name="testcases.LoginTestCase" tests="1" failures="0" timestamp="26 Nov 2020 14:30:42 GMT" time="28.851" errors="0">
  <testcase name="wordpress" time="28.851" classname="testcases.LoginTestCase"/>
</testsuite> <!-- testcases.LoginTestCase -->
