<?xml version="1.0" encoding="UTF-8"?>
<!-- Generated by org.testng.reporters.JUnitReportReporter -->
<testsuite skipped="0" hostname="NODLTP52089263" name="testcases.LoginTestCase" tests="1" failures="0" timestamp="08 Sep 2020 15:33:55 GMT" time="25.997" errors="0">
  <testcase name="LIA" time="25.997" classname="testcases.LoginTestCase"/>
</testsuite> <!-- testcases.LoginTestCase -->
