<?xml version="1.0" encoding="UTF-8"?>
<!-- Generated by org.testng.reporters.JUnitReportReporter -->
<testsuite skipped="0" hostname="NODLTP52089263" name="core.BaseTest" tests="1" failures="0" timestamp="30 Aug 2020 16:21:41 GMT" time="20.048" errors="0">
  <testcase name="init" time="20.048" classname="core.BaseTest"/>
</testsuite> <!-- core.BaseTest -->
